Base path: '/Applications/Unity/Hub/Editor/2019.4.9f1/Unity.app/Contents', plugins path '/Applications/Unity/Hub/Editor/2019.4.9f1/PlaybackEngines'
Cmd: initializeCompiler
Cmd: compileComputeKernel
  api=14 insize=12109 outsize=2755 ok=1
Cmd: translateComputeKernel
  api=14 insize=3869 outsize=4342 ok=1
Cmd: compileComputeKernel
  api=14 insize=11985 outsize=2853 ok=1
Cmd: compileComputeKernel
  api=14 insize=11985 outsize=2887 ok=1
Cmd: translateComputeKernel
  api=14 insize=2923 outsize=3389 ok=1
Cmd: translateComputeKernel
  api=14 insize=2957 outsize=3438 ok=1
Cmd: compileComputeKernel
  api=14 insize=18301 outsize=4711 ok=1
Cmd: translateComputeKernel
  api=14 insize=4909 outsize=8064 ok=1
Cmd: compileComputeKernel
  api=14 insize=66874 outsize=4002 ok=1
Cmd: compileComputeKernel
  api=14 insize=66874 outsize=4614 ok=1
Cmd: compileComputeKernel
  api=14 insize=66874 outsize=3799 ok=1
Cmd: compileComputeKernel
  api=14 insize=66874 outsize=3417 ok=1
Cmd: compileComputeKernel
  api=14 insize=66874 outsize=3515 ok=1
Cmd: compileComputeKernel
  api=14 insize=66874 outsize=3443 ok=1
Cmd: compileComputeKernel
  api=14 insize=66874 outsize=4055 ok=1
Cmd: compileComputeKernel
  api=14 insize=66874 outsize=4083 ok=1
Cmd: compileComputeKernel
  api=14 insize=66874 outsize=4230 ok=1
Cmd: compileComputeKernel
  api=14 insize=66874 outsize=5592 ok=1
Cmd: compileComputeKernel
  api=14 insize=66874 outsize=3514 ok=1
Cmd: translateComputeKernel
  api=14 insize=4363 outsize=4313 ok=1
Cmd: translateComputeKernel
  api=14 insize=4273 outsize=4017 ok=1
Cmd: translateComputeKernel
  api=14 insize=4754 outsize=5259 ok=1
Cmd: translateComputeKernel
  api=14 insize=4100 outsize=3707 ok=1
Cmd: translateComputeKernel
  api=14 insize=4444 outsize=4297 ok=1
Cmd: translateComputeKernel
  api=14 insize=4124 outsize=3749 ok=1
Cmd: translateComputeKernel
  api=14 insize=4702 outsize=4964 ok=1
Cmd: translateComputeKernel
  api=14 insize=4727 outsize=5004 ok=1
Cmd: translateComputeKernel
  api=14 insize=4114 outsize=3784 ok=1
Cmd: translateComputeKernel
  api=14 insize=6532 outsize=8649 ok=1
Cmd: translateComputeKernel
  api=14 insize=8155 outsize=13705 ok=1
Cmd: compileComputeKernel
  api=14 insize=34089 outsize=1156 ok=1
Cmd: compileComputeKernel
  api=14 insize=34089 outsize=1319 ok=1
Cmd: compileComputeKernel
  api=14 insize=34089 outsize=2173 ok=1
Cmd: compileComputeKernel
  api=14 insize=34089 outsize=1228 ok=1
Cmd: compileComputeKernel
  api=14 insize=34089 outsize=3433 ok=1
Cmd: compileComputeKernel
  api=14 insize=34089 outsize=2831 ok=1
Cmd: compileComputeKernel
  api=14 insize=34089 outsize=2841 ok=1
Cmd: translateComputeKernel
  api=14 insize=2342 outsize=2036 ok=1
Cmd: translateComputeKernel
  api=14 insize=2799 outsize=2665 ok=1
Cmd: translateComputeKernel
  api=14 insize=2368 outsize=2070 ok=1
Cmd: translateComputeKernel
  api=14 insize=2925 outsize=3160 ok=1
Cmd: translateComputeKernel
  api=14 insize=3090 outsize=3585 ok=1
Cmd: translateComputeKernel
  api=14 insize=2899 outsize=3344 ok=1
Cmd: translateComputeKernel
  api=14 insize=2909 outsize=3345 ok=1
Cmd: compileComputeKernel
  api=14 insize=79248 outsize=12737 ok=1
Cmd: compileComputeKernel
  api=14 insize=79248 outsize=36218 ok=1
Cmd: translateComputeKernel
  api=14 insize=12303 outsize=23947 ok=1
Cmd: translateComputeKernel
  api=14 insize=31780 outsize=59995 ok=1
Cmd: translateComputeKernel
  api=14 insize=3006 outsize=3859 ok=1

Quitting shader compiler process
