Base path: '/Applications/Unity/Hub/Editor/2019.4.9f1/Unity.app/Contents', plugins path '/Applications/Unity/Hub/Editor/2019.4.9f1/PlaybackEngines'
Cmd: initializeCompiler
Cmd: compileComputeKernel
  api=14 insize=12109 outsize=3779 ok=1
Cmd: translateComputeKernel
  api=14 insize=3830 outsize=4087 ok=1
Cmd: compileComputeKernel
  api=14 insize=11985 outsize=2857 ok=1
Cmd: compileComputeKernel
  api=14 insize=11985 outsize=2883 ok=1
Cmd: translateComputeKernel
  api=14 insize=3363 outsize=4172 ok=1
Cmd: translateComputeKernel
  api=14 insize=3069 outsize=3627 ok=1
Cmd: compileComputeKernel
  api=14 insize=18301 outsize=4919 ok=1
Cmd: translateComputeKernel
  api=14 insize=4909 outsize=8028 ok=1
Cmd: compileComputeKernel
  api=14 insize=66874 outsize=15351 ok=1
Cmd: compileComputeKernel
  api=14 insize=66874 outsize=5968 ok=1
Cmd: compileComputeKernel
  api=14 insize=66874 outsize=4723 ok=1
Cmd: translateComputeKernel
  api=14 insize=4447 outsize=4380 ok=1
Cmd: translateComputeKernel
  api=14 insize=4273 outsize=3989 ok=1
Cmd: translateComputeKernel
  api=14 insize=4443 outsize=4325 ok=1
Cmd: translateComputeKernel
  api=14 insize=6155 outsize=7492 ok=1
Cmd: translateComputeKernel
  api=14 insize=4702 outsize=4964 ok=1
Cmd: translateComputeKernel
  api=14 insize=4783 outsize=5103 ok=1
Cmd: translateComputeKernel
  api=14 insize=4876 outsize=5255 ok=1
Cmd: translateComputeKernel
  api=14 insize=6190 outsize=8171 ok=1
Cmd: compileComputeKernel
  api=14 insize=72903 outsize=7493 ok=1
Cmd: compileComputeKernel
  api=14 insize=34089 outsize=2244 ok=1
Cmd: compileComputeKernel
  api=14 insize=34089 outsize=1622 ok=1
Cmd: compileComputeKernel
  api=14 insize=34089 outsize=1205 ok=1
Cmd: compileComputeKernel
  api=14 insize=34089 outsize=2764 ok=1
Cmd: compileComputeKernel
  api=14 insize=34089 outsize=2841 ok=1
Cmd: compileComputeKernel
  api=14 insize=34089 outsize=2783 ok=1
Cmd: compileComputeKernel
  api=14 insize=34089 outsize=3103 ok=1
Cmd: translateComputeKernel
  api=14 insize=1403 outsize=1229 ok=1
Cmd: translateComputeKernel
  api=14 insize=2378 outsize=2072 ok=1
Cmd: translateComputeKernel
  api=14 insize=2492 outsize=2252 ok=1
Cmd: translateComputeKernel
  api=14 insize=1403 outsize=1229 ok=1
Cmd: translateComputeKernel
  api=14 insize=2925 outsize=3160 ok=1
Cmd: translateComputeKernel
  api=14 insize=3002 outsize=3287 ok=1
Cmd: translateComputeKernel
  api=14 insize=2944 outsize=3195 ok=1
Cmd: translateComputeKernel
  api=14 insize=3264 outsize=3744 ok=1
Cmd: compileComputeKernel
  api=14 insize=79248 outsize=23485 ok=1
Cmd: translateComputeKernel
  api=14 insize=16270 outsize=32154 ok=1

Quitting shader compiler process
