Base path: '/Applications/Unity/Hub/Editor/2019.4.9f1/Unity.app/Contents', plugins path '/Applications/Unity/Hub/Editor/2019.4.9f1/PlaybackEngines'
Cmd: initializeCompiler
Cmd: compileComputeKernel
  api=14 insize=12109 outsize=3656 ok=1
Cmd: translateComputeKernel
  api=14 insize=3470 outsize=3918 ok=1
Cmd: compileComputeKernel
  api=14 insize=11985 outsize=2853 ok=1
Cmd: compileComputeKernel
  api=14 insize=11985 outsize=2890 ok=1
Cmd: translateComputeKernel
  api=14 insize=2923 outsize=3389 ok=1
Cmd: translateComputeKernel
  api=14 insize=2960 outsize=3441 ok=1
Cmd: compileComputeKernel
  api=14 insize=18301 outsize=3785 ok=1
Cmd: translateComputeKernel
  api=14 insize=7267 outsize=12636 ok=1
Cmd: compileComputeKernel
  api=14 insize=66874 outsize=3711 ok=1
Cmd: compileComputeKernel
  api=14 insize=66874 outsize=3621 ok=1
Cmd: compileComputeKernel
  api=14 insize=66874 outsize=4177 ok=1
Cmd: compileComputeKernel
  api=14 insize=66874 outsize=3742 ok=1
Cmd: compileComputeKernel
  api=14 insize=66874 outsize=3442 ok=1
Cmd: compileComputeKernel
  api=14 insize=66874 outsize=3577 ok=1
Cmd: compileComputeKernel
  api=14 insize=66874 outsize=3909 ok=1
Cmd: compileComputeKernel
  api=14 insize=66874 outsize=4051 ok=1
Cmd: compileComputeKernel
  api=14 insize=66874 outsize=4085 ok=1
Cmd: compileComputeKernel
  api=14 insize=66874 outsize=3433 ok=1
Cmd: compileComputeKernel
  api=14 insize=66874 outsize=3581 ok=1
Cmd: translateComputeKernel
  api=14 insize=15865 outsize=28113 ok=1
Cmd: translateComputeKernel
  api=14 insize=4088 outsize=6893 ok=1
Cmd: compileComputeKernel
  api=14 insize=34089 outsize=2241 ok=1
Cmd: compileComputeKernel
  api=14 insize=34089 outsize=1223 ok=1
Cmd: compileComputeKernel
  api=14 insize=34089 outsize=1150 ok=1
Cmd: compileComputeKernel
  api=14 insize=34089 outsize=2701 ok=1
Cmd: compileComputeKernel
  api=14 insize=34089 outsize=2929 ok=1
Cmd: compileComputeKernel
  api=14 insize=34089 outsize=2808 ok=1
Cmd: compileComputeKernel
  api=14 insize=34089 outsize=2693 ok=1
Cmd: translateComputeKernel
  api=14 insize=1410 outsize=1222 ok=1
Cmd: translateComputeKernel
  api=14 insize=2486 outsize=2276 ok=1
Cmd: translateComputeKernel
  api=14 insize=2428 outsize=2184 ok=1
Cmd: translateComputeKernel
  api=14 insize=2385 outsize=2092 ok=1
Cmd: translateComputeKernel
  api=14 insize=3527 outsize=4297 ok=1
Cmd: translateComputeKernel
  api=14 insize=2962 outsize=3232 ok=1
Cmd: translateComputeKernel
  api=14 insize=2949 outsize=3371 ok=1
Cmd: compileComputeKernel
  api=14 insize=79248 outsize=13796 ok=1
Cmd: compileComputeKernel
  api=14 insize=79248 outsize=4508 ok=1
Cmd: compileComputeKernel
  api=14 insize=79248 outsize=2912 ok=1
Cmd: compileComputeKernel
  api=14 insize=79248 outsize=3309 ok=1
Cmd: compileComputeKernel
  api=14 insize=79248 outsize=3245 ok=1
Cmd: compileComputeKernel
  api=14 insize=79248 outsize=14212 ok=1
Cmd: translateComputeKernel
  api=14 insize=15982 outsize=31874 ok=1
Cmd: translateComputeKernel
  api=14 insize=2771 outsize=3167 ok=1

Quitting shader compiler process
