Base path: '/Applications/Unity/Hub/Editor/2019.4.9f1/Unity.app/Contents', plugins path '/Applications/Unity/Hub/Editor/2019.4.9f1/PlaybackEngines'
Cmd: initializeCompiler
Cmd: compileSnippet
  api=14 type=1 insize=1602 outsize=15697 kw=UNITY_PASS_FORWARDBASE DIRECTIONAL SHADOWS_SCREEN LIGHTPROBE_SH pd=UNITY_ENABLE_REFLECTION_BUFFERS UNITY_USE_DITHER_MASK_FOR_ALPHABLENDED_SHADOWS UNITY_PBS_USE_BRDF1 UNITY_SPECCUBE_BOX_PROJECTION UNITY_SPECCUBE_BLENDING UNITY_ENABLE_DETAIL_NORMALMAP SHADER_API_DESKTOP UNITY_COLORSPACE_GAMMA UNITY_LIGHT_PROBE_PROXY_VOLUME UNITY_LIGHTMAP_FULL_HDR ok=1
Cmd: initializeCompiler
Cmd: compileComputeKernel
  api=14 insize=12109 outsize=3203 ok=1
Cmd: translateComputeKernel
  api=14 insize=4522 outsize=5724 ok=1
Cmd: compileComputeKernel
  api=14 insize=11985 outsize=2853 ok=1
Cmd: compileComputeKernel
  api=14 insize=11985 outsize=2882 ok=1
Cmd: translateComputeKernel
  api=14 insize=2923 outsize=3389 ok=1
Cmd: translateComputeKernel
  api=14 insize=3074 outsize=3648 ok=1
Cmd: compileComputeKernel
  api=14 insize=18301 outsize=4711 ok=1
Cmd: translateComputeKernel
  api=14 insize=4909 outsize=8064 ok=1
Cmd: compileComputeKernel
  api=14 insize=66874 outsize=5170 ok=1
Cmd: compileComputeKernel
  api=14 insize=66874 outsize=4161 ok=1
Cmd: compileComputeKernel
  api=14 insize=66874 outsize=3416 ok=1
Cmd: compileComputeKernel
  api=14 insize=66874 outsize=3652 ok=1
Cmd: compileComputeKernel
  api=14 insize=66874 outsize=4093 ok=1
Cmd: compileComputeKernel
  api=14 insize=66874 outsize=3496 ok=1
Cmd: compileComputeKernel
  api=14 insize=66874 outsize=4051 ok=1
Cmd: compileComputeKernel
  api=14 insize=66874 outsize=4085 ok=1
Cmd: compileComputeKernel
  api=14 insize=66874 outsize=3473 ok=1
Cmd: compileComputeKernel
  api=14 insize=66874 outsize=3581 ok=1
Cmd: translateComputeKernel
  api=14 insize=4447 outsize=4372 ok=1
Cmd: translateComputeKernel
  api=14 insize=5447 outsize=6208 ok=1
Cmd: translateComputeKernel
  api=14 insize=4220 outsize=4067 ok=1
Cmd: translateComputeKernel
  api=14 insize=4137 outsize=3751 ok=1
Cmd: translateComputeKernel
  api=14 insize=4123 outsize=3722 ok=1
Cmd: translateComputeKernel
  api=14 insize=4134 outsize=3751 ok=1
Cmd: translateComputeKernel
  api=14 insize=4097 outsize=3709 ok=1
Cmd: translateComputeKernel
  api=14 insize=4698 outsize=4961 ok=1
Cmd: translateComputeKernel
  api=14 insize=4730 outsize=5007 ok=1
Cmd: translateComputeKernel
  api=14 insize=4877 outsize=5256 ok=1
Cmd: translateComputeKernel
  api=14 insize=6532 outsize=8649 ok=1
Cmd: compileComputeKernel
  api=14 insize=72903 outsize=8155 ok=1
Cmd: compileComputeKernel
  api=14 insize=34089 outsize=2244 ok=1
Cmd: compileComputeKernel
  api=14 insize=34089 outsize=2225 ok=1
Cmd: compileComputeKernel
  api=14 insize=34089 outsize=2268 ok=1
Cmd: compileComputeKernel
  api=14 insize=34089 outsize=2607 ok=1
Cmd: compileComputeKernel
  api=14 insize=34089 outsize=2956 ok=1
Cmd: compileComputeKernel
  api=14 insize=34089 outsize=2812 ok=1
Cmd: compileComputeKernel
  api=14 insize=34089 outsize=2783 ok=1
Cmd: translateComputeKernel
  api=14 insize=2349 outsize=2038 ok=1
Cmd: translateComputeKernel
  api=14 insize=2409 outsize=2149 ok=1
Cmd: translateComputeKernel
  api=14 insize=2694 outsize=2557 ok=1
Cmd: translateComputeKernel
  api=14 insize=2396 outsize=2107 ok=1
Cmd: translateComputeKernel
  api=14 insize=2925 outsize=3160 ok=1
Cmd: translateComputeKernel
  api=14 insize=3153 outsize=3501 ok=1
Cmd: translateComputeKernel
  api=14 insize=3005 outsize=3490 ok=1
Cmd: translateComputeKernel
  api=14 insize=2854 outsize=3272 ok=1
Cmd: translateComputeKernel
  api=14 insize=2938 outsize=3356 ok=1
Cmd: compileComputeKernel
  api=14 insize=79248 outsize=23485 ok=1
Cmd: translateComputeKernel
  api=14 insize=12863 outsize=22612 ok=1
Cmd: translateComputeKernel
  api=14 insize=3078 outsize=3520 ok=1
Cmd: translateComputeKernel
  api=14 insize=3482 outsize=4521 ok=1
Cmd: translateComputeKernel
  api=14 insize=14277 outsize=27203 ok=1
Cmd: compileComputeKernel
  api=14 insize=4442 outsize=2948 ok=1

Quitting shader compiler process
