Base path: '/Applications/Unity/Hub/Editor/2019.4.9f1/Unity.app/Contents', plugins path '/Applications/Unity/Hub/Editor/2019.4.9f1/PlaybackEngines'
Cmd: initializeCompiler
Cmd: compileComputeKernel
  api=14 insize=12109 outsize=3779 ok=1
Cmd: translateComputeKernel
  api=14 insize=3470 outsize=3918 ok=1
Cmd: compileComputeKernel
  api=14 insize=11985 outsize=2853 ok=1
Cmd: compileComputeKernel
  api=14 insize=11985 outsize=2882 ok=1
Cmd: translateComputeKernel
  api=14 insize=2923 outsize=3389 ok=1
Cmd: translateComputeKernel
  api=14 insize=2957 outsize=3438 ok=1
Cmd: compileComputeKernel
  api=14 insize=18301 outsize=7437 ok=1
Cmd: translateComputeKernel
  api=14 insize=7503 outsize=13545 ok=1
Cmd: compileComputeKernel
  api=14 insize=66874 outsize=4763 ok=1
Cmd: compileComputeKernel
  api=14 insize=66874 outsize=3593 ok=1
Cmd: compileComputeKernel
  api=14 insize=66874 outsize=3933 ok=1
Cmd: compileComputeKernel
  api=14 insize=66874 outsize=3456 ok=1
Cmd: compileComputeKernel
  api=14 insize=66874 outsize=3442 ok=1
Cmd: compileComputeKernel
  api=14 insize=66874 outsize=3577 ok=1
Cmd: compileComputeKernel
  api=14 insize=66874 outsize=3519 ok=1
Cmd: compileComputeKernel
  api=14 insize=66874 outsize=4051 ok=1
Cmd: compileComputeKernel
  api=14 insize=66874 outsize=4080 ok=1
Cmd: compileComputeKernel
  api=14 insize=66874 outsize=3433 ok=1
Cmd: compileComputeKernel
  api=14 insize=66874 outsize=3581 ok=1
Cmd: translateComputeKernel
  api=14 insize=4544 outsize=4261 ok=1
Cmd: translateComputeKernel
  api=14 insize=4273 outsize=4017 ok=1
Cmd: translateComputeKernel
  api=14 insize=4244 outsize=4124 ok=1
Cmd: translateComputeKernel
  api=14 insize=4364 outsize=4125 ok=1
Cmd: translateComputeKernel
  api=14 insize=4182 outsize=3840 ok=1
Cmd: translateComputeKernel
  api=14 insize=4228 outsize=3945 ok=1
Cmd: translateComputeKernel
  api=14 insize=4560 outsize=4476 ok=1
Cmd: translateComputeKernel
  api=14 insize=5138 outsize=5756 ok=1
Cmd: translateComputeKernel
  api=14 insize=4876 outsize=5255 ok=1
Cmd: translateComputeKernel
  api=14 insize=4159 outsize=3919 ok=1
Cmd: translateComputeKernel
  api=14 insize=4565 outsize=4463 ok=1
Cmd: translateComputeKernel
  api=14 insize=3734 outsize=2956 ok=1
Cmd: compileComputeKernel
  api=14 insize=72903 outsize=6767 ok=1
Cmd: compileComputeKernel
  api=14 insize=34089 outsize=2149 ok=1
Cmd: compileComputeKernel
  api=14 insize=34089 outsize=2326 ok=1
Cmd: compileComputeKernel
  api=14 insize=34089 outsize=2146 ok=1
Cmd: compileComputeKernel
  api=14 insize=34089 outsize=2706 ok=1
Cmd: compileComputeKernel
  api=14 insize=34089 outsize=2992 ok=1
Cmd: compileComputeKernel
  api=14 insize=34089 outsize=2768 ok=1
Cmd: compileComputeKernel
  api=14 insize=34089 outsize=2841 ok=1
Cmd: translateComputeKernel
  api=14 insize=1403 outsize=1229 ok=1
Cmd: translateComputeKernel
  api=14 insize=2545 outsize=2297 ok=1
Cmd: translateComputeKernel
  api=14 insize=2476 outsize=2278 ok=1
Cmd: translateComputeKernel
  api=14 insize=2456 outsize=2226 ok=1
Cmd: translateComputeKernel
  api=14 insize=2954 outsize=3198 ok=1
Cmd: translateComputeKernel
  api=14 insize=2996 outsize=3280 ok=1
Cmd: translateComputeKernel
  api=14 insize=2944 outsize=3195 ok=1
Cmd: translateComputeKernel
  api=14 insize=2972 outsize=3237 ok=1
Cmd: compileComputeKernel
  api=14 insize=79248 outsize=13796 ok=1
Cmd: compileComputeKernel
  api=14 insize=79248 outsize=4508 ok=1
Cmd: compileComputeKernel
  api=14 insize=79248 outsize=2912 ok=1
Cmd: compileComputeKernel
  api=14 insize=79248 outsize=3309 ok=1
Cmd: compileComputeKernel
  api=14 insize=79248 outsize=3245 ok=1
Cmd: compileComputeKernel
  api=14 insize=79248 outsize=6699 ok=1
Cmd: compileComputeKernel
  api=14 insize=79248 outsize=13572 ok=1
Cmd: translateComputeKernel
  api=14 insize=15982 outsize=31874 ok=1
Cmd: translateComputeKernel
  api=14 insize=2771 outsize=3167 ok=1
