Base path: '/Applications/Unity/Hub/Editor/2019.4.9f1/Unity.app/Contents', plugins path '/Applications/Unity/Hub/Editor/2019.4.9f1/PlaybackEngines'
Cmd: initializeCompiler
Cmd: compileComputeKernel
  api=14 insize=12109 outsize=3779 ok=1
Cmd: translateComputeKernel
  api=14 insize=2985 outsize=2782 ok=1
Cmd: translateComputeKernel
  api=14 insize=4370 outsize=5446 ok=1
Cmd: compileComputeKernel
  api=14 insize=11985 outsize=2853 ok=1
Cmd: compileComputeKernel
  api=14 insize=11985 outsize=2883 ok=1
Cmd: translateComputeKernel
  api=14 insize=3363 outsize=4172 ok=1
Cmd: translateComputeKernel
  api=14 insize=2986 outsize=3472 ok=1
Cmd: compileComputeKernel
  api=14 insize=18301 outsize=7437 ok=1
Cmd: translateComputeKernel
  api=14 insize=7525 outsize=13082 ok=1
Cmd: compileComputeKernel
  api=14 insize=66874 outsize=3766 ok=1
Cmd: compileComputeKernel
  api=14 insize=66874 outsize=3621 ok=1
Cmd: compileComputeKernel
  api=14 insize=66874 outsize=3779 ok=1
Cmd: compileComputeKernel
  api=14 insize=66874 outsize=3417 ok=1
Cmd: compileComputeKernel
  api=14 insize=66874 outsize=3515 ok=1
Cmd: compileComputeKernel
  api=14 insize=66874 outsize=3416 ok=1
Cmd: compileComputeKernel
  api=14 insize=66874 outsize=4051 ok=1
Cmd: compileComputeKernel
  api=14 insize=66874 outsize=4088 ok=1
Cmd: compileComputeKernel
  api=14 insize=66874 outsize=3458 ok=1
Cmd: compileComputeKernel
  api=14 insize=66874 outsize=5968 ok=1
Cmd: compileComputeKernel
  api=14 insize=66874 outsize=3514 ok=1
Cmd: translateComputeKernel
  api=14 insize=4447 outsize=4372 ok=1
Cmd: translateComputeKernel
  api=14 insize=5295 outsize=5930 ok=1
Cmd: translateComputeKernel
  api=14 insize=4754 outsize=5270 ok=1
Cmd: translateComputeKernel
  api=14 insize=4100 outsize=3707 ok=1
Cmd: translateComputeKernel
  api=14 insize=4444 outsize=4297 ok=1
Cmd: translateComputeKernel
  api=14 insize=4142 outsize=3785 ok=1
Cmd: translateComputeKernel
  api=14 insize=4560 outsize=4476 ok=1
Cmd: translateComputeKernel
  api=14 insize=4698 outsize=4961 ok=1
Cmd: translateComputeKernel
  api=14 insize=4727 outsize=5004 ok=1
Cmd: translateComputeKernel
  api=14 insize=4139 outsize=3758 ok=1
Cmd: translateComputeKernel
  api=14 insize=6190 outsize=8171 ok=1
Cmd: compileComputeKernel
  api=14 insize=72903 outsize=8155 ok=1
Cmd: compileComputeKernel
  api=14 insize=34089 outsize=2244 ok=1
Cmd: compileComputeKernel
  api=14 insize=34089 outsize=1305 ok=1
Cmd: compileComputeKernel
  api=14 insize=34089 outsize=2241 ok=1
Cmd: compileComputeKernel
  api=14 insize=34089 outsize=2793 ok=1
Cmd: compileComputeKernel
  api=14 insize=34089 outsize=2841 ok=1
Cmd: compileComputeKernel
  api=14 insize=34089 outsize=2783 ok=1
Cmd: compileComputeKernel
  api=14 insize=34089 outsize=3103 ok=1
Cmd: translateComputeKernel
  api=14 insize=2342 outsize=2036 ok=1
Cmd: translateComputeKernel
  api=14 insize=2637 outsize=2490 ok=1
Cmd: translateComputeKernel
  api=14 insize=2428 outsize=2185 ok=1
Cmd: translateComputeKernel
  api=14 insize=2837 outsize=2803 ok=1
Cmd: translateComputeKernel
  api=14 insize=2996 outsize=3280 ok=1
Cmd: translateComputeKernel
  api=14 insize=2921 outsize=3334 ok=1
Cmd: translateComputeKernel
  api=14 insize=3251 outsize=3750 ok=1
Cmd: compileComputeKernel
  api=14 insize=79248 outsize=26177 ok=1
Cmd: translateComputeKernel
  api=14 insize=35531 outsize=69464 ok=1
