Base path: '/Applications/Unity/Hub/Editor/2019.4.9f1/Unity.app/Contents', plugins path '/Applications/Unity/Hub/Editor/2019.4.9f1/PlaybackEngines'
Cmd: initializeCompiler
Cmd: compileComputeKernel
  api=14 insize=12109 outsize=2827 ok=1
Cmd: translateComputeKernel
  api=14 insize=3121 outsize=3116 ok=1
Cmd: compileComputeKernel
  api=14 insize=11985 outsize=2853 ok=1
Cmd: compileComputeKernel
  api=14 insize=11985 outsize=2885 ok=1
Cmd: translateComputeKernel
  api=14 insize=3008 outsize=3536 ok=1
Cmd: translateComputeKernel
  api=14 insize=3069 outsize=3627 ok=1
Cmd: compileComputeKernel
  api=14 insize=18301 outsize=4651 ok=1
Cmd: translateComputeKernel
  api=14 insize=4909 outsize=8064 ok=1
Cmd: compileComputeKernel
  api=14 insize=66874 outsize=5242 ok=1
Cmd: compileComputeKernel
  api=14 insize=66874 outsize=4213 ok=1
Cmd: compileComputeKernel
  api=14 insize=66874 outsize=3416 ok=1
Cmd: compileComputeKernel
  api=14 insize=66874 outsize=3814 ok=1
Cmd: compileComputeKernel
  api=14 insize=66874 outsize=3443 ok=1
Cmd: compileComputeKernel
  api=14 insize=66874 outsize=4055 ok=1
Cmd: compileComputeKernel
  api=14 insize=66874 outsize=4083 ok=1
Cmd: compileComputeKernel
  api=14 insize=66874 outsize=4230 ok=1
Cmd: compileComputeKernel
  api=14 insize=66874 outsize=4142 ok=1
Cmd: compileComputeKernel
  api=14 insize=66874 outsize=4765 ok=1
Cmd: translateComputeKernel
  api=14 insize=4363 outsize=4313 ok=1
Cmd: translateComputeKernel
  api=14 insize=4273 outsize=4017 ok=1
Cmd: translateComputeKernel
  api=14 insize=4770 outsize=5399 ok=1
Cmd: translateComputeKernel
  api=14 insize=4137 outsize=3751 ok=1
Cmd: translateComputeKernel
  api=14 insize=4182 outsize=3840 ok=1
Cmd: translateComputeKernel
  api=14 insize=4228 outsize=3945 ok=1
Cmd: translateComputeKernel
  api=14 insize=4097 outsize=3709 ok=1
Cmd: translateComputeKernel
  api=14 insize=4698 outsize=4961 ok=1
Cmd: translateComputeKernel
  api=14 insize=4730 outsize=5007 ok=1
Cmd: translateComputeKernel
  api=14 insize=4877 outsize=5255 ok=1
Cmd: translateComputeKernel
  api=14 insize=4155 outsize=3858 ok=1
Cmd: translateComputeKernel
  api=14 insize=4565 outsize=4496 ok=1
Cmd: translateComputeKernel
  api=14 insize=5284 outsize=5879 ok=1
Cmd: translateComputeKernel
  api=14 insize=8155 outsize=13705 ok=1
Cmd: compileComputeKernel
  api=14 insize=34089 outsize=1151 ok=1
Cmd: compileComputeKernel
  api=14 insize=34089 outsize=2183 ok=1
Cmd: compileComputeKernel
  api=14 insize=34089 outsize=2495 ok=1
Cmd: compileComputeKernel
  api=14 insize=34089 outsize=2607 ok=1
Cmd: compileComputeKernel
  api=14 insize=34089 outsize=2996 ok=1
Cmd: compileComputeKernel
  api=14 insize=34089 outsize=2812 ok=1
Cmd: compileComputeKernel
  api=14 insize=34089 outsize=2760 ok=1
Cmd: compileComputeKernel
  api=14 insize=34089 outsize=2859 ok=1
Cmd: translateComputeKernel
  api=14 insize=2341 outsize=2034 ok=1
Cmd: translateComputeKernel
  api=14 insize=2420 outsize=2146 ok=1
Cmd: translateComputeKernel
  api=14 insize=2479 outsize=2274 ok=1
Cmd: translateComputeKernel
  api=14 insize=3121 outsize=3447 ok=1
Cmd: translateComputeKernel
  api=14 insize=2933 outsize=3384 ok=1
Cmd: translateComputeKernel
  api=14 insize=2972 outsize=3237 ok=1
Cmd: compileComputeKernel
  api=14 insize=79248 outsize=12236 ok=1
Cmd: compileComputeKernel
  api=14 insize=79248 outsize=14212 ok=1
Cmd: translateComputeKernel
  api=14 insize=12863 outsize=22612 ok=1
Cmd: translateComputeKernel
  api=14 insize=5183 outsize=8954 ok=1
Cmd: translateComputeKernel
  api=14 insize=13637 outsize=25780 ok=1
Cmd: compileComputeKernel
  api=14 insize=4442 outsize=2713 ok=1
Cmd: compileComputeKernel
  api=14 insize=1900 outsize=4426 ok=1
