Base path: '/Applications/Unity/Hub/Editor/2019.4.9f1/Unity.app/Contents', plugins path '/Applications/Unity/Hub/Editor/2019.4.9f1/PlaybackEngines'
Cmd: initializeCompiler
Cmd: compileSnippet
  api=14 type=1 insize=1602 outsize=15697 kw=UNITY_PASS_FORWARDBASE DIRECTIONAL SHADOWS_SCREEN LIGHTPROBE_SH pd=UNITY_ENABLE_REFLECTION_BUFFERS UNITY_USE_DITHER_MASK_FOR_ALPHABLENDED_SHADOWS UNITY_PBS_USE_BRDF1 UNITY_SPECCUBE_BOX_PROJECTION UNITY_SPECCUBE_BLENDING UNITY_ENABLE_DETAIL_NORMALMAP SHADER_API_DESKTOP UNITY_COLORSPACE_GAMMA UNITY_LIGHT_PROBE_PROXY_VOLUME UNITY_LIGHTMAP_FULL_HDR ok=1
Cmd: initializeCompiler
Cmd: compileComputeKernel
  api=14 insize=12109 outsize=4255 ok=1
Cmd: compileComputeKernel
  api=14 insize=12109 outsize=2988 ok=1
Cmd: translateComputeKernel
  api=14 insize=3516 outsize=3806 ok=1
Cmd: translateComputeKernel
  api=14 insize=3500 outsize=4222 ok=1
Cmd: compileComputeKernel
  api=14 insize=11985 outsize=2853 ok=1
Cmd: compileComputeKernel
  api=14 insize=11985 outsize=2890 ok=1
Cmd: translateComputeKernel
  api=14 insize=2923 outsize=3389 ok=1
Cmd: translateComputeKernel
  api=14 insize=2953 outsize=3434 ok=1
Cmd: compileComputeKernel
  api=14 insize=18301 outsize=4919 ok=1
Cmd: translateComputeKernel
  api=14 insize=5117 outsize=8333 ok=1
Cmd: compileComputeKernel
  api=14 insize=66874 outsize=5415 ok=1
Cmd: compileComputeKernel
  api=14 insize=66874 outsize=3799 ok=1
Cmd: compileComputeKernel
  api=14 insize=66874 outsize=3419 ok=1
Cmd: compileComputeKernel
  api=14 insize=66874 outsize=3763 ok=1
Cmd: compileComputeKernel
  api=14 insize=66874 outsize=4093 ok=1
Cmd: compileComputeKernel
  api=14 insize=66874 outsize=3712 ok=1
Cmd: compileComputeKernel
  api=14 insize=66874 outsize=4051 ok=1
Cmd: compileComputeKernel
  api=14 insize=66874 outsize=4229 ok=1
Cmd: compileComputeKernel
  api=14 insize=66874 outsize=3434 ok=1
Cmd: compileComputeKernel
  api=14 insize=66874 outsize=3559 ok=1
Cmd: translateComputeKernel
  api=14 insize=5598 outsize=6685 ok=1
Cmd: translateComputeKernel
  api=14 insize=4220 outsize=4067 ok=1
Cmd: translateComputeKernel
  api=14 insize=4364 outsize=4125 ok=1
Cmd: translateComputeKernel
  api=14 insize=4182 outsize=3840 ok=1
Cmd: translateComputeKernel
  api=14 insize=4228 outsize=3945 ok=1
Cmd: translateComputeKernel
  api=14 insize=4097 outsize=3709 ok=1
Cmd: translateComputeKernel
  api=14 insize=4149 outsize=3750 ok=1
Cmd: translateComputeKernel
  api=14 insize=4698 outsize=4965 ok=1
Cmd: translateComputeKernel
  api=14 insize=4732 outsize=5010 ok=1
Cmd: translateComputeKernel
  api=14 insize=4114 outsize=3769 ok=1
Cmd: translateComputeKernel
  api=14 insize=4321 outsize=4117 ok=1
Cmd: translateComputeKernel
  api=14 insize=4181 outsize=3811 ok=1
Cmd: translateComputeKernel
  api=14 insize=5176 outsize=5646 ok=1
Cmd: translateComputeKernel
  api=14 insize=6800 outsize=11046 ok=1
Cmd: compileComputeKernel
  api=14 insize=34089 outsize=1156 ok=1
Cmd: compileComputeKernel
  api=14 insize=34089 outsize=2477 ok=1
Cmd: compileComputeKernel
  api=14 insize=34089 outsize=2268 ok=1
Cmd: compileComputeKernel
  api=14 insize=34089 outsize=2706 ok=1
Cmd: compileComputeKernel
  api=14 insize=34089 outsize=2992 ok=1
Cmd: compileComputeKernel
  api=14 insize=34089 outsize=2914 ok=1
Cmd: compileComputeKernel
  api=14 insize=34089 outsize=2720 ok=1
Cmd: translateComputeKernel
  api=14 insize=2404 outsize=2143 ok=1
Cmd: translateComputeKernel
  api=14 insize=2605 outsize=2436 ok=1
Cmd: translateComputeKernel
  api=14 insize=1458 outsize=1300 ok=1
Cmd: translateComputeKernel
  api=14 insize=2443 outsize=2212 ok=1
Cmd: translateComputeKernel
  api=14 insize=2891 outsize=3310 ok=1
Cmd: translateComputeKernel
  api=14 insize=2979 outsize=3417 ok=1
Cmd: translateComputeKernel
  api=14 insize=2899 outsize=3344 ok=1
Cmd: translateComputeKernel
  api=14 insize=2894 outsize=3298 ok=1
Cmd: compileComputeKernel
  api=14 insize=79248 outsize=15948 ok=1
Cmd: translateComputeKernel
  api=14 insize=15982 outsize=31874 ok=1
Cmd: translateComputeKernel
  api=14 insize=3006 outsize=3886 ok=1
