Base path: '/Applications/Unity/Hub/Editor/2019.4.9f1/Unity.app/Contents', plugins path '/Applications/Unity/Hub/Editor/2019.4.9f1/PlaybackEngines'
Cmd: initializeCompiler
Cmd: compileComputeKernel
  api=14 insize=12109 outsize=2926 ok=1
Cmd: translateComputeKernel
  api=14 insize=3049 outsize=2942 ok=1
Cmd: translateComputeKernel
  api=14 insize=4138 outsize=5507 ok=1
Cmd: compileComputeKernel
  api=14 insize=11985 outsize=3008 ok=1
Cmd: compileComputeKernel
  api=14 insize=11985 outsize=2916 ok=1
Cmd: translateComputeKernel
  api=14 insize=2923 outsize=3393 ok=1
Cmd: translateComputeKernel
  api=14 insize=2986 outsize=3472 ok=1
Cmd: compileComputeKernel
  api=14 insize=18301 outsize=4804 ok=1
Cmd: translateComputeKernel
  api=14 insize=5117 outsize=8297 ok=1
Cmd: compileComputeKernel
  api=14 insize=66874 outsize=5415 ok=1
Cmd: compileComputeKernel
  api=14 insize=66874 outsize=3539 ok=1
Cmd: compileComputeKernel
  api=14 insize=66874 outsize=3456 ok=1
Cmd: compileComputeKernel
  api=14 insize=66874 outsize=3501 ok=1
Cmd: compileComputeKernel
  api=14 insize=66874 outsize=3491 ok=1
Cmd: compileComputeKernel
  api=14 insize=66874 outsize=3909 ok=1
Cmd: compileComputeKernel
  api=14 insize=66874 outsize=4491 ok=1
Cmd: compileComputeKernel
  api=14 insize=66874 outsize=4229 ok=1
Cmd: compileComputeKernel
  api=14 insize=66874 outsize=3478 ok=1
Cmd: compileComputeKernel
  api=14 insize=66874 outsize=3994 ok=1
Cmd: translateComputeKernel
  api=14 insize=15865 outsize=28113 ok=1
Cmd: compileComputeKernel
  api=14 insize=34089 outsize=2244 ok=1
Cmd: compileComputeKernel
  api=14 insize=34089 outsize=2278 ok=1
Cmd: compileComputeKernel
  api=14 insize=34089 outsize=2422 ok=1
Cmd: compileComputeKernel
  api=14 insize=34089 outsize=1228 ok=1
Cmd: compileComputeKernel
  api=14 insize=34089 outsize=3433 ok=1
Cmd: compileComputeKernel
  api=14 insize=34089 outsize=2808 ok=1
Cmd: compileComputeKernel
  api=14 insize=34089 outsize=2756 ok=1
Cmd: translateComputeKernel
  api=14 insize=2344 outsize=2030 ok=1
Cmd: translateComputeKernel
  api=14 insize=2409 outsize=2149 ok=1
Cmd: translateComputeKernel
  api=14 insize=2492 outsize=2252 ok=1
Cmd: translateComputeKernel
  api=14 insize=1403 outsize=1229 ok=1
Cmd: translateComputeKernel
  api=14 insize=2925 outsize=3160 ok=1
Cmd: translateComputeKernel
  api=14 insize=3058 outsize=3535 ok=1
Cmd: translateComputeKernel
  api=14 insize=3045 outsize=3516 ok=1
Cmd: translateComputeKernel
  api=14 insize=2917 outsize=3156 ok=1
Cmd: translateComputeKernel
  api=14 insize=2938 outsize=3356 ok=1
Cmd: compileComputeKernel
  api=14 insize=79248 outsize=28029 ok=1
Cmd: translateComputeKernel
  api=14 insize=23596 outsize=49123 ok=1
